<?xml version="1.0" encoding="UTF-8"?>
<!-- Generated by org.testng.reporters.JUnitReportReporter -->
<testsuite hostname="Admin-PC" failures="0" tests="1" name="icici.FDCalculatorTest" time="56.986" errors="0" timestamp="4 Oct 2020 14:45:25 GMT">
  <testcase classname="icici.FDCalculatorTest" name="getMaturityValueTest" time="56.986"/>
</testsuite> <!-- icici.FDCalculatorTest -->
