<?xml version="1.0" encoding="UTF-8"?>
<!-- Generated by org.testng.reporters.JUnitReportReporter -->
<testsuite hostname="Admin-PC" failures="0" tests="1" name="test.FDCalculatorTest" time="59.333" errors="0" timestamp="5 Oct 2020 17:24:53 GMT">
  <testcase classname="test.FDCalculatorTest" name="getMaturityValueTest" time="59.333"/>
</testsuite> <!-- test.FDCalculatorTest -->
