<?xml version="1.0" encoding="UTF-8"?>
<!-- Generated by org.testng.reporters.JUnitReportReporter -->
<testsuite hostname="Admin-PC" failures="0" tests="1" name="icici.NewTest" time="25.880" errors="0" timestamp="4 Oct 2020 14:53:22 GMT">
  <testcase classname="icici.NewTest" name="f" time="25.880"/>
</testsuite> <!-- icici.NewTest -->
